<?xml version="1.0" encoding="UTF-8"?>
<!-- Generated by org.testng.reporters.JUnitReportReporter -->
<testsuite hostname="WIN-486QJSS660G" name="day02.TestNG3" tests="3" failures="0" timestamp="4 Oct 2018 10:57:15 GMT" time="37.098" errors="0">
  <testcase name="f" time="11.824" classname="day02.TestNG3"/>
  <testcase name="f" time="12.162" classname="day02.TestNG3"/>
  <testcase name="f" time="13.112" classname="day02.TestNG3"/>
</testsuite> <!-- day02.TestNG3 -->
