<?xml version="1.0" encoding="UTF-8"?>
<!-- Generated by org.testng.reporters.JUnitReportReporter -->
<testsuite hostname="WIN-486QJSS660G" name="day02.TestNgExcelPoi8" tests="3" failures="0" timestamp="5 Oct 2018 09:33:47 GMT" time="49.852" errors="0">
  <testcase name="f" time="15.015" classname="day02.TestNgExcelPoi8"/>
  <testcase name="f" time="18.682" classname="day02.TestNgExcelPoi8"/>
  <testcase name="f" time="16.155" classname="day02.TestNgExcelPoi8"/>
</testsuite> <!-- day02.TestNgExcelPoi8 -->
