<?xml version="1.0" encoding="UTF-8"?>
<!-- Generated by org.testng.reporters.JUnitReportReporter -->
<testsuite hostname="WIN-486QJSS660G" name="day02.TestNgExcelPoi6" tests="3" failures="0" timestamp="4 Oct 2018 12:06:20 GMT" time="37.835" errors="0">
  <testcase name="f" time="11.962" classname="day02.TestNgExcelPoi6"/>
  <testcase name="f" time="12.233" classname="day02.TestNgExcelPoi6"/>
  <testcase name="f" time="13.640" classname="day02.TestNgExcelPoi6"/>
</testsuite> <!-- day02.TestNgExcelPoi6 -->
