<?xml version="1.0" encoding="UTF-8"?>
<!-- Generated by org.testng.reporters.JUnitReportReporter -->
<testsuite hostname="WIN-486QJSS660G" name="day02.TestNG4" tests="1" failures="0" timestamp="4 Oct 2018 11:02:21 GMT" time="13.108" errors="0">
  <testcase name="f" time="13.108" classname="day02.TestNG4"/>
</testsuite> <!-- day02.TestNG4 -->
