<?xml version="1.0" encoding="UTF-8"?>
<!-- Generated by org.testng.reporters.JUnitReportReporter -->
<testsuite hostname="WIN-486QJSS660G" name="day02.TestNgExcelPoi7" tests="2" failures="0" timestamp="5 Oct 2018 08:36:57 GMT" time="4.694" errors="0">
  <testcase name="f" time="2.140" classname="day02.TestNgExcelPoi7"/>
  <testcase name="f" time="2.554" classname="day02.TestNgExcelPoi7"/>
</testsuite> <!-- day02.TestNgExcelPoi7 -->
