<?xml version="1.0" encoding="UTF-8"?>
<!-- Generated by org.testng.reporters.JUnitReportReporter -->
<testsuite hostname="WIN-486QJSS660G" name="day02.TestNG1" tests="1" failures="0" timestamp="7 Oct 2018 12:48:13 GMT" time="15.117" errors="0">
  <testcase name="testa" time="15.117" classname="day02.TestNG1"/>
</testsuite> <!-- day02.TestNG1 -->
