<?xml version="1.0" encoding="UTF-8"?>
<!-- Generated by org.testng.reporters.JUnitReportReporter -->
<testsuite hostname="WIN-486QJSS660G" name="day09.TestNG3" tests="3" failures="0" timestamp="5 Nov 2018 13:44:56 GMT" time="43.463" errors="0">
  <testcase name="f" time="14.062" classname="day09.TestNG3"/>
  <testcase name="f" time="15.596" classname="day09.TestNG3"/>
  <testcase name="f" time="13.805" classname="day09.TestNG3"/>
</testsuite> <!-- day09.TestNG3 -->
