<?xml version="1.0" encoding="UTF-8"?>
<!-- Generated by org.testng.reporters.JUnitReportReporter -->
<testsuite hostname="WIN-486QJSS660G" name="day02.TestNG2" tests="3" failures="0" timestamp="4 Oct 2018 08:41:50 GMT" time="40.762" errors="0">
  <testcase name="testa" time="12.608" classname="day02.TestNG2"/>
  <testcase name="testa" time="14.154" classname="day02.TestNG2"/>
  <testcase name="testa" time="14.000" classname="day02.TestNG2"/>
</testsuite> <!-- day02.TestNG2 -->
