<?xml version="1.0" encoding="UTF-8"?>
<!-- Generated by org.testng.reporters.JUnitReportReporter -->
<testsuite hostname="WIN-486QJSS660G" name="day02.TestNgExcel5" tests="3" failures="0" timestamp="4 Oct 2018 11:58:55 GMT" time="36.055" errors="0">
  <testcase name="f" time="11.815" classname="day02.TestNgExcel5"/>
  <testcase name="f" time="12.150" classname="day02.TestNgExcel5"/>
  <testcase name="f" time="12.090" classname="day02.TestNgExcel5"/>
</testsuite> <!-- day02.TestNgExcel5 -->
